<?xml version="1.0" encoding="UTF-8"?>
<!-- Generated by org.testng.reporters.JUnitReportReporter -->
<testsuite hostname="DESKTOP-LEO0I3M" failures="0" tests="1" name="testCases.TC_004_ForgottenPassword" time="15.004" errors="0" timestamp="2021-12-05T16:56:02 EET" skipped="0">
  <testcase classname="testCases.TC_004_ForgottenPassword" name="test_forgottenpassword" time="15.004"/>
  <system-out/>
</testsuite> <!-- testCases.TC_004_ForgottenPassword -->
