<?xml version="1.0" encoding="UTF-8"?>
<!-- Generated by org.testng.reporters.JUnitReportReporter -->
<testsuite hostname="DESKTOP-LEO0I3M" failures="0" tests="1" name="testCases.TC_006_CompareProduct" time="26.157" errors="0" timestamp="2021-12-06T00:19:40 EET" skipped="0">
  <testcase classname="testCases.TC_006_CompareProduct" name="test_Product_compare" time="26.157"/>
  <system-out/>
</testsuite> <!-- testCases.TC_006_CompareProduct -->
