<?xml version="1.0" encoding="UTF-8"?>
<!-- Generated by org.testng.reporters.JUnitReportReporter -->
<testsuite hostname="DESKTOP-LEO0I3M" failures="0" tests="1" name="testCases.TC_005_Search" time="12.837" errors="0" timestamp="2021-12-05T18:40:35 EET" skipped="0">
  <testcase classname="testCases.TC_005_Search" name="test_search" time="12.837"/>
  <system-out/>
</testsuite> <!-- testCases.TC_005_Search -->
