<?xml version="1.0" encoding="UTF-8"?>
<!-- Generated by org.testng.reporters.JUnitReportReporter -->
<testsuite hostname="DESKTOP-LEO0I3M" failures="0" tests="1" name="testCases.TC_001_AccountRegistration" time="6.733" errors="0" timestamp="2021-12-02T16:01:54 EET" skipped="0">
  <testcase classname="testCases.TC_001_AccountRegistration" name="test_account_Registration" time="6.733"/>
  <system-out/>
</testsuite> <!-- testCases.TC_001_AccountRegistration -->
