<?xml version="1.0" encoding="UTF-8"?>
<!-- Generated by org.testng.reporters.JUnitReportReporter -->
<testsuite hostname="DESKTOP-LEO0I3M" failures="0" tests="3" name="testCases.TC_001_AccountRegistration" time="27.472" errors="0" timestamp="2021-12-02T18:15:57 EET" skipped="0">
  <testcase classname="testCases.TC_001_AccountRegistration" name="test_account_Registration" time="11.065"/>
  <system-out/>
  <testcase classname="testCases.TC_001_AccountRegistration" name="test_account_Registration" time="10.572"/>
  <system-out/>
  <testcase classname="testCases.TC_001_AccountRegistration" name="test_account_Registration" time="5.835"/>
  <system-out/>
</testsuite> <!-- testCases.TC_001_AccountRegistration -->
